<?xml version="1.0" encoding="UTF-8" ?>
<testsuite errors="0" failures="1" hostname="Notebook" name="qotd.QuoteControllerTests" tests="1" time="2.407" timestamp="2013-03-30T20:56:35">
  <properties />
  <testcase classname="qotd.QuoteControllerTests" name="testSomething" time="2.245">
    <failure message="junit.framework.AssertionFailedError: Implement me" type="junit.framework.AssertionFailedError">junit.framework.AssertionFailedError: junit.framework.AssertionFailedError: Implement me
	at qotd.QuoteControllerTests.testSomething(QuoteControllerTests.groovy:15)
</failure>
  </testcase>
  <system-out><![CDATA[--Output from testSomething--
]]></system-out>
  <system-err><![CDATA[--Output from testSomething--
]]></system-err>
</testsuite>
