<?xml version="1.0" encoding="UTF-8" ?>
<testsuite errors="0" failures="1" hostname="Notebook" name="qotd.QuoteServiceTests" tests="1" time="0.527" timestamp="2013-03-30T20:56:37">
  <properties />
  <testcase classname="qotd.QuoteServiceTests" name="testSomething" time="0.078">
    <failure message="junit.framework.AssertionFailedError: Implement me" type="junit.framework.AssertionFailedError">junit.framework.AssertionFailedError: junit.framework.AssertionFailedError: Implement me
	at qotd.QuoteServiceTests.testSomething(QuoteServiceTests.groovy:15)
</failure>
  </testcase>
  <system-out><![CDATA[--Output from testSomething--
]]></system-out>
  <system-err><![CDATA[--Output from testSomething--
]]></system-err>
</testsuite>
